<?xml version="1.0" encoding="UTF-8"?>
<coverage generated="1780739598646" clover="3.2.0">
  <project timestamp="1780739598646" name="All files">
    <metrics statements="69" coveredstatements="56" conditionals="42" coveredconditionals="24" methods="28" coveredmethods="24" elements="139" coveredelements="104" complexity="0" loc="69" ncloc="69" packages="2" files="3" classes="3"/>
    <package name="pos">
      <metrics statements="64" coveredstatements="51" conditionals="39" coveredconditionals="21" methods="27" coveredmethods="23"/>
      <file name="POSHUD.tsx" path="/home/gunmetal/nayan/dukaan/frontend/src/components/pos/POSHUD.tsx">
        <metrics statements="51" coveredstatements="41" conditionals="27" coveredconditionals="12" methods="23" coveredmethods="20"/>
        <line num="24" count="1" type="stmt"/>
        <line num="25" count="20" type="stmt"/>
        <line num="26" count="20" type="stmt"/>
        <line num="27" count="20" type="stmt"/>
        <line num="29" count="20" type="stmt"/>
        <line num="30" count="19" type="stmt"/>
        <line num="31" count="0" type="cond" truecount="0" falsecount="5"/>
        <line num="32" count="0" type="stmt"/>
        <line num="34" count="0" type="cond" truecount="0" falsecount="4"/>
        <line num="35" count="0" type="stmt"/>
        <line num="38" count="19" type="stmt"/>
        <line num="39" count="19" type="stmt"/>
        <line num="42" count="20" type="stmt"/>
        <line num="43" count="8" type="stmt"/>
        <line num="44" count="8" type="stmt"/>
        <line num="45" count="8" type="cond" truecount="2" falsecount="0"/>
        <line num="46" count="1" type="stmt"/>
        <line num="47" count="1" type="cond" truecount="1" falsecount="1"/>
        <line num="50" count="7" type="stmt"/>
        <line num="52" count="8" type="stmt"/>
        <line num="57" count="20" type="stmt"/>
        <line num="58" count="1" type="stmt"/>
        <line num="59" count="1" type="stmt"/>
        <line num="60" count="1" type="cond" truecount="1" falsecount="1"/>
        <line num="62" count="1" type="stmt"/>
        <line num="63" count="1" type="cond" truecount="1" falsecount="1"/>
        <line num="64" count="1" type="cond" truecount="1" falsecount="1"/>
        <line num="65" count="0" type="stmt"/>
        <line num="66" count="0" type="cond" truecount="0" falsecount="2"/>
        <line num="69" count="1" type="stmt"/>
        <line num="71" count="0" type="stmt"/>
        <line num="75" count="0" type="stmt"/>
        <line num="79" count="20" type="stmt"/>
        <line num="81" count="20" type="stmt"/>
        <line num="82" count="1" type="stmt"/>
        <line num="90" count="1" type="stmt"/>
        <line num="91" count="1" type="stmt"/>
        <line num="93" count="0" type="stmt"/>
        <line num="96" count="1" type="stmt"/>
        <line num="101" count="1" type="stmt"/>
        <line num="102" count="1" type="stmt"/>
        <line num="105" count="20" type="stmt"/>
        <line num="106" count="40" type="stmt"/>
        <line num="109" count="20" type="stmt"/>
        <line num="133" count="1" type="stmt"/>
        <line num="141" count="39" type="stmt"/>
        <line num="149" count="8" type="stmt"/>
        <line num="180" count="11" type="stmt"/>
        <line num="205" count="1" type="stmt"/>
        <line num="237" count="2" type="cond" truecount="2" falsecount="0"/>
        <line num="251" count="0" type="stmt"/>
      </file>
      <file name="PaymentModal.tsx" path="/home/gunmetal/nayan/dukaan/frontend/src/components/pos/PaymentModal.tsx">
        <metrics statements="13" coveredstatements="10" conditionals="12" coveredconditionals="9" methods="4" coveredmethods="3"/>
        <line num="11" count="1" type="stmt"/>
        <line num="12" count="3" type="stmt"/>
        <line num="13" count="3" type="stmt"/>
        <line num="15" count="3" type="stmt"/>
        <line num="16" count="3" type="stmt"/>
        <line num="18" count="3" type="stmt"/>
        <line num="19" count="1" type="cond" truecount="1" falsecount="1"/>
        <line num="20" count="0" type="stmt"/>
        <line num="21" count="0" type="stmt"/>
        <line num="23" count="1" type="stmt"/>
        <line num="31" count="3" type="stmt"/>
        <line num="60" count="1" type="stmt"/>
        <line num="75" count="0" type="stmt"/>
      </file>
    </package>
    <package name="ui">
      <metrics statements="5" coveredstatements="5" conditionals="3" coveredconditionals="3" methods="1" coveredmethods="1"/>
      <file name="Button.tsx" path="/home/gunmetal/nayan/dukaan/frontend/src/components/ui/Button.tsx">
        <metrics statements="5" coveredstatements="5" conditionals="3" coveredconditionals="3" methods="1" coveredmethods="1"/>
        <line num="8" count="1" type="stmt"/>
        <line num="16" count="76" type="stmt"/>
        <line num="18" count="76" type="stmt"/>
        <line num="27" count="76" type="stmt"/>
        <line num="34" count="76" type="stmt"/>
      </file>
    </package>
  </project>
</coverage>
