{"/home/gunmetal/nayan/dukaan/frontend/src/components/ui/Button.tsx": {"path":"/home/gunmetal/nayan/dukaan/frontend/src/components/ui/Button.tsx","statementMap":{"0":{"start":{"line":8,"column":6},"end":{"line":39,"column":null}},"1":{"start":{"line":15,"column":21},"end":{"line":15,"column":null}},"2":{"start":{"line":17,"column":19},"end":{"line":22,"column":null}},"3":{"start":{"line":24,"column":16},"end":{"line":29,"column":null}},"4":{"start":{"line":31,"column":2},"end":{"line":37,"column":null}}},"fnMap":{"0":{"name":"(anonymous_0)","decl":{"start":{"line":8,"column":6},"end":{"line":8,"column":39}},"loc":{"start":{"line":14,"column":6},"end":{"line":39,"column":null}},"line":14}},"branchMap":{"0":{"loc":{"start":{"line":10,"column":2},"end":{"line":10,"column":null}},"type":"default-arg","locations":[{"start":{"line":10,"column":12},"end":{"line":10,"column":null}}],"line":10},"1":{"loc":{"start":{"line":11,"column":2},"end":{"line":11,"column":null}},"type":"default-arg","locations":[{"start":{"line":11,"column":9},"end":{"line":11,"column":null}}],"line":11},"2":{"loc":{"start":{"line":12,"column":2},"end":{"line":12,"column":null}},"type":"default-arg","locations":[{"start":{"line":12,"column":14},"end":{"line":12,"column":null}}],"line":12}},"s":{"0":1,"1":3,"2":3,"3":3,"4":3},"f":{"0":3},"b":{"0":[3],"1":[3],"2":[3]},"meta":{"lastBranch":3,"lastFunction":1,"lastStatement":5,"seen":{"s:8:6:39:Infinity":0,"f:8:6:8:39":0,"b:10:12:10:Infinity":0,"b:11:9:11:Infinity":1,"b:12:14:12:Infinity":2,"s:15:21:15:Infinity":1,"s:17:19:22:Infinity":2,"s:24:16:29:Infinity":3,"s:31:2:37:Infinity":4}}}
}
