{"/home/gunmetal/nayan/dukaan/frontend/src/components/pos/POSHUD.tsx": {"path":"/home/gunmetal/nayan/dukaan/frontend/src/components/pos/POSHUD.tsx","statementMap":{"0":{"start":{"line":24,"column":6},"end":{"line":256,"column":null}},"1":{"start":{"line":25,"column":15},"end":{"line":25,"column":null}},"2":{"start":{"line":26,"column":29},"end":{"line":26,"column":null}},"3":{"start":{"line":27,"column":21},"end":{"line":27,"column":null}},"4":{"start":{"line":29,"column":2},"end":{"line":40,"column":null}},"5":{"start":{"line":30,"column":10},"end":{"line":37,"column":null}},"6":{"start":{"line":31,"column":6},"end":{"line":33,"column":null}},"7":{"start":{"line":32,"column":8},"end":{"line":32,"column":null}},"8":{"start":{"line":34,"column":6},"end":{"line":36,"column":null}},"9":{"start":{"line":35,"column":8},"end":{"line":35,"column":null}},"10":{"start":{"line":38,"column":4},"end":{"line":38,"column":null}},"11":{"start":{"line":39,"column":4},"end":{"line":39,"column":null}},"12":{"start":{"line":39,"column":17},"end":{"line":39,"column":null}},"13":{"start":{"line":42,"column":8},"end":{"line":55,"column":null}},"14":{"start":{"line":43,"column":4},"end":{"line":51,"column":null}},"15":{"start":{"line":44,"column":23},"end":{"line":44,"column":null}},"16":{"start":{"line":44,"column":44},"end":{"line":44,"column":60}},"17":{"start":{"line":45,"column":6},"end":{"line":49,"column":null}},"18":{"start":{"line":46,"column":8},"end":{"line":48,"column":null}},"19":{"start":{"line":47,"column":10},"end":{"line":47,"column":null}},"20":{"start":{"line":50,"column":6},"end":{"line":50,"column":null}},"21":{"start":{"line":52,"column":4},"end":{"line":54,"column":null}},"22":{"start":{"line":57,"column":8},"end":{"line":77,"column":null}},"23":{"start":{"line":58,"column":4},"end":{"line":76,"column":null}},"24":{"start":{"line":59,"column":19},"end":{"line":59,"column":null}},"25":{"start":{"line":59,"column":40},"end":{"line":59,"column":55}},"26":{"start":{"line":60,"column":6},"end":{"line":60,"column":null}},"27":{"start":{"line":60,"column":17},"end":{"line":60,"column":null}},"28":{"start":{"line":62,"column":29},"end":{"line":62,"column":null}},"29":{"start":{"line":63,"column":6},"end":{"line":70,"column":null}},"30":{"start":{"line":64,"column":8},"end":{"line":68,"column":null}},"31":{"start":{"line":65,"column":10},"end":{"line":67,"column":null}},"32":{"start":{"line":66,"column":12},"end":{"line":66,"column":null}},"33":{"start":{"line":69,"column":8},"end":{"line":69,"column":null}},"34":{"start":{"line":69,"column":38},"end":{"line":69,"column":53}},"35":{"start":{"line":71,"column":6},"end":{"line":74,"column":null}},"36":{"start":{"line":75,"column":6},"end":{"line":75,"column":null}},"37":{"start":{"line":79,"column":16},"end":{"line":79,"column":null}},"38":{"start":{"line":79,"column":43},"end":{"line":79,"column":77}},"39":{"start":{"line":81,"column":32},"end":{"line":103,"column":null}},"40":{"start":{"line":82,"column":20},"end":{"line":88,"column":null}},"41":{"start":{"line":90,"column":4},"end":{"line":94,"column":null}},"42":{"start":{"line":91,"column":6},"end":{"line":91,"column":null}},"43":{"start":{"line":93,"column":6},"end":{"line":93,"column":null}},"44":{"start":{"line":96,"column":4},"end":{"line":100,"column":null}},"45":{"start":{"line":101,"column":4},"end":{"line":101,"column":null}},"46":{"start":{"line":102,"column":4},"end":{"line":102,"column":null}},"47":{"start":{"line":105,"column":24},"end":{"line":107,"column":null}},"48":{"start":{"line":106,"column":4},"end":{"line":106,"column":null}},"49":{"start":{"line":109,"column":2},"end":{"line":254,"column":null}},"50":{"start":{"line":133,"column":37},"end":{"line":133,"column":null}},"51":{"start":{"line":141,"column":12},"end":{"line":158,"column":null}},"52":{"start":{"line":149,"column":31},"end":{"line":149,"column":null}},"53":{"start":{"line":180,"column":16},"end":{"line":212,"column":null}},"54":{"start":{"line":205,"column":43},"end":{"line":205,"column":null}},"55":{"start":{"line":237,"column":27},"end":{"line":237,"column":null}},"56":{"start":{"line":251,"column":25},"end":{"line":251,"column":null}}},"fnMap":{"0":{"name":"(anonymous_0)","decl":{"start":{"line":24,"column":6},"end":{"line":24,"column":39}},"loc":{"start":{"line":24,"column":62},"end":{"line":256,"column":null}},"line":24},"1":{"name":"(anonymous_1)","decl":{"start":{"line":29,"column":2},"end":{"line":29,"column":18}},"loc":{"start":{"line":29,"column":18},"end":{"line":40,"column":5}},"line":29},"2":{"name":"(anonymous_2)","decl":{"start":{"line":30,"column":10},"end":{"line":30,"column":27}},"loc":{"start":{"line":30,"column":48},"end":{"line":37,"column":null}},"line":30},"3":{"name":"(anonymous_3)","decl":{"start":{"line":39,"column":4},"end":{"line":39,"column":17}},"loc":{"start":{"line":39,"column":17},"end":{"line":39,"column":null}},"line":39},"4":{"name":"(anonymous_4)","decl":{"start":{"line":42,"column":8},"end":{"line":42,"column":21}},"loc":{"start":{"line":42,"column":36},"end":{"line":55,"column":null}},"line":42},"5":{"name":"(anonymous_5)","decl":{"start":{"line":43,"column":4},"end":{"line":43,"column":13}},"loc":{"start":{"line":43,"column":26},"end":{"line":51,"column":5}},"line":43},"6":{"name":"(anonymous_6)","decl":{"start":{"line":44,"column":32},"end":{"line":44,"column":38}},"loc":{"start":{"line":44,"column":44},"end":{"line":44,"column":60}},"line":44},"7":{"name":"(anonymous_7)","decl":{"start":{"line":46,"column":24},"end":{"line":46,"column":29}},"loc":{"start":{"line":47,"column":10},"end":{"line":47,"column":null}},"line":47},"8":{"name":"(anonymous_8)","decl":{"start":{"line":57,"column":8},"end":{"line":57,"column":26}},"loc":{"start":{"line":57,"column":45},"end":{"line":77,"column":null}},"line":57},"9":{"name":"(anonymous_9)","decl":{"start":{"line":58,"column":4},"end":{"line":58,"column":13}},"loc":{"start":{"line":58,"column":26},"end":{"line":76,"column":5}},"line":58},"10":{"name":"(anonymous_10)","decl":{"start":{"line":59,"column":28},"end":{"line":59,"column":34}},"loc":{"start":{"line":59,"column":40},"end":{"line":59,"column":55}},"line":59},"11":{"name":"(anonymous_11)","decl":{"start":{"line":65,"column":26},"end":{"line":65,"column":31}},"loc":{"start":{"line":66,"column":12},"end":{"line":66,"column":null}},"line":66},"12":{"name":"(anonymous_12)","decl":{"start":{"line":69,"column":24},"end":{"line":69,"column":32}},"loc":{"start":{"line":69,"column":38},"end":{"line":69,"column":53}},"line":69},"13":{"name":"(anonymous_13)","decl":{"start":{"line":79,"column":21},"end":{"line":79,"column":29}},"loc":{"start":{"line":79,"column":43},"end":{"line":79,"column":77}},"line":79},"14":{"name":"(anonymous_14)","decl":{"start":{"line":81,"column":32},"end":{"line":81,"column":39}},"loc":{"start":{"line":81,"column":56},"end":{"line":103,"column":null}},"line":81},"15":{"name":"(anonymous_15)","decl":{"start":{"line":105,"column":39},"end":{"line":105,"column":46}},"loc":{"start":{"line":106,"column":4},"end":{"line":106,"column":null}},"line":106},"16":{"name":"(anonymous_16)","decl":{"start":{"line":133,"column":20},"end":{"line":133,"column":31}},"loc":{"start":{"line":133,"column":37},"end":{"line":133,"column":null}},"line":133},"17":{"name":"(anonymous_17)","decl":{"start":{"line":140,"column":25},"end":{"line":140,"column":30}},"loc":{"start":{"line":141,"column":12},"end":{"line":158,"column":null}},"line":141},"18":{"name":"(anonymous_18)","decl":{"start":{"line":149,"column":16},"end":{"line":149,"column":31}},"loc":{"start":{"line":149,"column":31},"end":{"line":149,"column":null}},"line":149},"19":{"name":"(anonymous_19)","decl":{"start":{"line":179,"column":18},"end":{"line":179,"column":23}},"loc":{"start":{"line":180,"column":16},"end":{"line":212,"column":null}},"line":180},"20":{"name":"(anonymous_20)","decl":{"start":{"line":205,"column":28},"end":{"line":205,"column":43}},"loc":{"start":{"line":205,"column":43},"end":{"line":205,"column":null}},"line":205},"21":{"name":"(anonymous_21)","decl":{"start":{"line":237,"column":12},"end":{"line":237,"column":27}},"loc":{"start":{"line":237,"column":27},"end":{"line":237,"column":null}},"line":237},"22":{"name":"(anonymous_22)","decl":{"start":{"line":251,"column":10},"end":{"line":251,"column":25}},"loc":{"start":{"line":251,"column":25},"end":{"line":251,"column":null}},"line":251}},"branchMap":{"0":{"loc":{"start":{"line":31,"column":6},"end":{"line":33,"column":null}},"type":"if","locations":[{"start":{"line":31,"column":6},"end":{"line":33,"column":null}},{"start":{},"end":{}}],"line":31},"1":{"loc":{"start":{"line":31,"column":10},"end":{"line":31,"column":71}},"type":"binary-expr","locations":[{"start":{"line":31,"column":10},"end":{"line":31,"column":31}},{"start":{"line":31,"column":31},"end":{"line":31,"column":50}},{"start":{"line":31,"column":50},"end":{"line":31,"column":71}}],"line":31},"2":{"loc":{"start":{"line":34,"column":6},"end":{"line":36,"column":null}},"type":"if","locations":[{"start":{"line":34,"column":6},"end":{"line":36,"column":null}},{"start":{},"end":{}}],"line":34},"3":{"loc":{"start":{"line":34,"column":10},"end":{"line":34,"column":52}},"type":"binary-expr","locations":[{"start":{"line":34,"column":10},"end":{"line":34,"column":32}},{"start":{"line":34,"column":32},"end":{"line":34,"column":52}}],"line":34},"4":{"loc":{"start":{"line":45,"column":6},"end":{"line":49,"column":null}},"type":"if","locations":[{"start":{"line":45,"column":6},"end":{"line":49,"column":null}},{"start":{},"end":{}}],"line":45},"5":{"loc":{"start":{"line":47,"column":10},"end":{"line":47,"column":null}},"type":"cond-expr","locations":[{"start":{"line":47,"column":29},"end":{"line":47,"column":87}},{"start":{"line":47,"column":87},"end":{"line":47,"column":null}}],"line":47},"6":{"loc":{"start":{"line":60,"column":6},"end":{"line":60,"column":null}},"type":"if","locations":[{"start":{"line":60,"column":6},"end":{"line":60,"column":null}},{"start":{},"end":{}}],"line":60},"7":{"loc":{"start":{"line":63,"column":6},"end":{"line":70,"column":null}},"type":"if","locations":[{"start":{"line":63,"column":6},"end":{"line":70,"column":null}},{"start":{},"end":{}}],"line":63},"8":{"loc":{"start":{"line":64,"column":8},"end":{"line":68,"column":null}},"type":"if","locations":[{"start":{"line":64,"column":8},"end":{"line":68,"column":null}},{"start":{},"end":{}}],"line":64},"9":{"loc":{"start":{"line":66,"column":12},"end":{"line":66,"column":null}},"type":"cond-expr","locations":[{"start":{"line":66,"column":30},"end":{"line":66,"column":67}},{"start":{"line":66,"column":67},"end":{"line":66,"column":null}}],"line":66},"10":{"loc":{"start":{"line":216,"column":11},"end":{"line":222,"column":null}},"type":"binary-expr","locations":[{"start":{"line":216,"column":11},"end":{"line":216,"column":null}},{"start":{"line":217,"column":12},"end":{"line":222,"column":null}}],"line":216},"11":{"loc":{"start":{"line":237,"column":27},"end":{"line":237,"column":null}},"type":"binary-expr","locations":[{"start":{"line":237,"column":27},"end":{"line":237,"column":46}},{"start":{"line":237,"column":46},"end":{"line":237,"column":null}}],"line":237},"12":{"loc":{"start":{"line":247,"column":7},"end":{"line":252,"column":null}},"type":"binary-expr","locations":[{"start":{"line":247,"column":7},"end":{"line":247,"column":null}},{"start":{"line":248,"column":8},"end":{"line":252,"column":null}}],"line":247}},"s":{"0":1,"1":20,"2":20,"3":20,"4":20,"5":19,"6":0,"7":0,"8":0,"9":0,"10":19,"11":19,"12":19,"13":20,"14":8,"15":8,"16":2,"17":8,"18":1,"19":1,"20":7,"21":8,"22":20,"23":1,"24":1,"25":1,"26":1,"27":0,"28":1,"29":1,"30":1,"31":0,"32":0,"33":1,"34":1,"35":0,"36":0,"37":20,"38":11,"39":20,"40":1,"41":1,"42":1,"43":0,"44":1,"45":1,"46":1,"47":20,"48":40,"49":20,"50":1,"51":39,"52":8,"53":11,"54":1,"55":2,"56":0},"f":{"0":20,"1":19,"2":0,"3":19,"4":8,"5":8,"6":2,"7":1,"8":1,"9":1,"10":1,"11":0,"12":1,"13":11,"14":1,"15":40,"16":1,"17":39,"18":8,"19":11,"20":1,"21":2,"22":0},"b":{"0":[0,0],"1":[0,0,0],"2":[0,0],"3":[0,0],"4":[1,7],"5":[1,0],"6":[0,1],"7":[1,0],"8":[0,1],"9":[0,0],"10":[20,10],"11":[2,2],"12":[20,2]},"meta":{"lastBranch":13,"lastFunction":23,"lastStatement":57,"seen":{"s:24:6:256:Infinity":0,"f:24:6:24:39":0,"s:25:15:25:Infinity":1,"s:26:29:26:Infinity":2,"s:27:21:27:Infinity":3,"s:29:2:40:Infinity":4,"f:29:2:29:18":1,"s:30:10:37:Infinity":5,"f:30:10:30:27":2,"b:31:6:33:Infinity:undefined:undefined:undefined:undefined":0,"s:31:6:33:Infinity":6,"b:31:10:31:31:31:31:31:50:31:50:31:71":1,"s:32:8:32:Infinity":7,"b:34:6:36:Infinity:undefined:undefined:undefined:undefined":2,"s:34:6:36:Infinity":8,"b:34:10:34:32:34:32:34:52":3,"s:35:8:35:Infinity":9,"s:38:4:38:Infinity":10,"s:39:4:39:Infinity":11,"f:39:4:39:17":3,"s:39:17:39:Infinity":12,"s:42:8:55:Infinity":13,"f:42:8:42:21":4,"s:43:4:51:Infinity":14,"f:43:4:43:13":5,"s:44:23:44:Infinity":15,"f:44:32:44:38":6,"s:44:44:44:60":16,"b:45:6:49:Infinity:undefined:undefined:undefined:undefined":4,"s:45:6:49:Infinity":17,"s:46:8:48:Infinity":18,"f:46:24:46:29":7,"s:47:10:47:Infinity":19,"b:47:29:47:87:47:87:47:Infinity":5,"s:50:6:50:Infinity":20,"s:52:4:54:Infinity":21,"s:57:8:77:Infinity":22,"f:57:8:57:26":8,"s:58:4:76:Infinity":23,"f:58:4:58:13":9,"s:59:19:59:Infinity":24,"f:59:28:59:34":10,"s:59:40:59:55":25,"b:60:6:60:Infinity:undefined:undefined:undefined:undefined":6,"s:60:6:60:Infinity":26,"s:60:17:60:Infinity":27,"s:62:29:62:Infinity":28,"b:63:6:70:Infinity:undefined:undefined:undefined:undefined":7,"s:63:6:70:Infinity":29,"b:64:8:68:Infinity:undefined:undefined:undefined:undefined":8,"s:64:8:68:Infinity":30,"s:65:10:67:Infinity":31,"f:65:26:65:31":11,"s:66:12:66:Infinity":32,"b:66:30:66:67:66:67:66:Infinity":9,"s:69:8:69:Infinity":33,"f:69:24:69:32":12,"s:69:38:69:53":34,"s:71:6:74:Infinity":35,"s:75:6:75:Infinity":36,"s:79:16:79:Infinity":37,"f:79:21:79:29":13,"s:79:43:79:77":38,"s:81:32:103:Infinity":39,"f:81:32:81:39":14,"s:82:20:88:Infinity":40,"s:90:4:94:Infinity":41,"s:91:6:91:Infinity":42,"s:93:6:93:Infinity":43,"s:96:4:100:Infinity":44,"s:101:4:101:Infinity":45,"s:102:4:102:Infinity":46,"s:105:24:107:Infinity":47,"f:105:39:105:46":15,"s:106:4:106:Infinity":48,"s:109:2:254:Infinity":49,"f:133:20:133:31":16,"s:133:37:133:Infinity":50,"f:140:25:140:30":17,"s:141:12:158:Infinity":51,"f:149:16:149:31":18,"s:149:31:149:Infinity":52,"f:179:18:179:23":19,"s:180:16:212:Infinity":53,"f:205:28:205:43":20,"s:205:43:205:Infinity":54,"b:216:11:216:Infinity:217:12:222:Infinity":10,"f:237:12:237:27":21,"s:237:27:237:Infinity":55,"b:237:27:237:46:237:46:237:Infinity":11,"b:247:7:247:Infinity:248:8:252:Infinity":12,"f:251:10:251:25":22,"s:251:25:251:Infinity":56}}}
,"/home/gunmetal/nayan/dukaan/frontend/src/components/pos/PaymentModal.tsx": {"path":"/home/gunmetal/nayan/dukaan/frontend/src/components/pos/PaymentModal.tsx","statementMap":{"0":{"start":{"line":11,"column":6},"end":{"line":137,"column":null}},"1":{"start":{"line":12,"column":21},"end":{"line":12,"column":null}},"2":{"start":{"line":13,"column":24},"end":{"line":13,"column":null}},"3":{"start":{"line":15,"column":20},"end":{"line":15,"column":null}},"4":{"start":{"line":16,"column":18},"end":{"line":16,"column":null}},"5":{"start":{"line":18,"column":8},"end":{"line":29,"column":null}},"6":{"start":{"line":19,"column":4},"end":{"line":22,"column":null}},"7":{"start":{"line":20,"column":6},"end":{"line":20,"column":null}},"8":{"start":{"line":21,"column":6},"end":{"line":21,"column":null}},"9":{"start":{"line":23,"column":4},"end":{"line":28,"column":null}},"10":{"start":{"line":31,"column":2},"end":{"line":135,"column":null}},"11":{"start":{"line":60,"column":35},"end":{"line":60,"column":null}},"12":{"start":{"line":75,"column":35},"end":{"line":75,"column":null}}},"fnMap":{"0":{"name":"(anonymous_0)","decl":{"start":{"line":11,"column":6},"end":{"line":11,"column":51}},"loc":{"start":{"line":11,"column":86},"end":{"line":137,"column":null}},"line":11},"1":{"name":"(anonymous_1)","decl":{"start":{"line":18,"column":8},"end":{"line":18,"column":31}},"loc":{"start":{"line":18,"column":31},"end":{"line":29,"column":null}},"line":18},"2":{"name":"(anonymous_2)","decl":{"start":{"line":60,"column":18},"end":{"line":60,"column":29}},"loc":{"start":{"line":60,"column":35},"end":{"line":60,"column":null}},"line":60},"3":{"name":"(anonymous_3)","decl":{"start":{"line":75,"column":18},"end":{"line":75,"column":29}},"loc":{"start":{"line":75,"column":35},"end":{"line":75,"column":null}},"line":75}},"branchMap":{"0":{"loc":{"start":{"line":19,"column":4},"end":{"line":22,"column":null}},"type":"if","locations":[{"start":{"line":19,"column":4},"end":{"line":22,"column":null}},{"start":{},"end":{}}],"line":19},"1":{"loc":{"start":{"line":59,"column":25},"end":{"line":59,"column":null}},"type":"binary-expr","locations":[{"start":{"line":59,"column":25},"end":{"line":59,"column":39}},{"start":{"line":59,"column":39},"end":{"line":59,"column":null}}],"line":59},"2":{"loc":{"start":{"line":74,"column":25},"end":{"line":74,"column":null}},"type":"binary-expr","locations":[{"start":{"line":74,"column":25},"end":{"line":74,"column":42}},{"start":{"line":74,"column":42},"end":{"line":74,"column":null}}],"line":74},"3":{"loc":{"start":{"line":88,"column":51},"end":{"line":88,"column":107}},"type":"cond-expr","locations":[{"start":{"line":88,"column":65},"end":{"line":88,"column":85}},{"start":{"line":88,"column":85},"end":{"line":88,"column":107}}],"line":88},"4":{"loc":{"start":{"line":92,"column":13},"end":{"line":96,"column":null}},"type":"binary-expr","locations":[{"start":{"line":92,"column":13},"end":{"line":92,"column":null}},{"start":{"line":93,"column":14},"end":{"line":96,"column":null}}],"line":92},"5":{"loc":{"start":{"line":101,"column":9},"end":{"line":112,"column":null}},"type":"binary-expr","locations":[{"start":{"line":101,"column":9},"end":{"line":101,"column":null}},{"start":{"line":102,"column":10},"end":{"line":112,"column":null}}],"line":101}},"s":{"0":1,"1":3,"2":3,"3":3,"4":3,"5":3,"6":1,"7":0,"8":0,"9":1,"10":3,"11":1,"12":0},"f":{"0":3,"1":1,"2":1,"3":0},"b":{"0":[0,1],"1":[3,2],"2":[3,3],"3":[2,1],"4":[3,0],"5":[3,0]},"meta":{"lastBranch":6,"lastFunction":4,"lastStatement":13,"seen":{"s:11:6:137:Infinity":0,"f:11:6:11:51":0,"s:12:21:12:Infinity":1,"s:13:24:13:Infinity":2,"s:15:20:15:Infinity":3,"s:16:18:16:Infinity":4,"s:18:8:29:Infinity":5,"f:18:8:18:31":1,"b:19:4:22:Infinity:undefined:undefined:undefined:undefined":0,"s:19:4:22:Infinity":6,"s:20:6:20:Infinity":7,"s:21:6:21:Infinity":8,"s:23:4:28:Infinity":9,"s:31:2:135:Infinity":10,"b:59:25:59:39:59:39:59:Infinity":1,"f:60:18:60:29":2,"s:60:35:60:Infinity":11,"b:74:25:74:42:74:42:74:Infinity":2,"f:75:18:75:29":3,"s:75:35:75:Infinity":12,"b:88:65:88:85:88:85:88:107":3,"b:92:13:92:Infinity:93:14:96:Infinity":4,"b:101:9:101:Infinity:102:10:112:Infinity":5}}}
,"/home/gunmetal/nayan/dukaan/frontend/src/components/ui/Button.tsx": {"path":"/home/gunmetal/nayan/dukaan/frontend/src/components/ui/Button.tsx","statementMap":{"0":{"start":{"line":8,"column":6},"end":{"line":43,"column":null}},"1":{"start":{"line":16,"column":21},"end":{"line":16,"column":null}},"2":{"start":{"line":18,"column":19},"end":{"line":25,"column":null}},"3":{"start":{"line":27,"column":16},"end":{"line":32,"column":null}},"4":{"start":{"line":34,"column":2},"end":{"line":41,"column":null}}},"fnMap":{"0":{"name":"(anonymous_0)","decl":{"start":{"line":8,"column":6},"end":{"line":8,"column":39}},"loc":{"start":{"line":15,"column":6},"end":{"line":43,"column":null}},"line":15}},"branchMap":{"0":{"loc":{"start":{"line":10,"column":2},"end":{"line":10,"column":null}},"type":"default-arg","locations":[{"start":{"line":10,"column":12},"end":{"line":10,"column":null}}],"line":10},"1":{"loc":{"start":{"line":11,"column":2},"end":{"line":11,"column":null}},"type":"default-arg","locations":[{"start":{"line":11,"column":9},"end":{"line":11,"column":null}}],"line":11},"2":{"loc":{"start":{"line":12,"column":2},"end":{"line":12,"column":null}},"type":"default-arg","locations":[{"start":{"line":12,"column":14},"end":{"line":12,"column":null}}],"line":12}},"s":{"0":1,"1":76,"2":76,"3":76,"4":76},"f":{"0":76},"b":{"0":[76],"1":[76],"2":[76]},"meta":{"lastBranch":3,"lastFunction":1,"lastStatement":5,"seen":{"s:8:6:43:Infinity":0,"f:8:6:8:39":0,"b:10:12:10:Infinity":0,"b:11:9:11:Infinity":1,"b:12:14:12:Infinity":2,"s:16:21:16:Infinity":1,"s:18:19:25:Infinity":2,"s:27:16:32:Infinity":3,"s:34:2:41:Infinity":4}}}
}
